Analysis & Synthesis report for SHA1_hash
Wed Mar 16 18:39:12 2016
Quartus Prime Version 15.1.0 Build 185 10/21/2015 SJ Lite Edition


---------------------
; Table of Contents ;
---------------------
  1. Legal Notice
  2. Analysis & Synthesis Summary
  3. Analysis & Synthesis Settings
  4. Parallel Compilation
  5. Analysis & Synthesis Source Files Read
  6. Analysis & Synthesis Resource Usage Summary
  7. Analysis & Synthesis Resource Utilization by Entity
  8. State Machine - |SHA1_hash|state
  9. State Machine - |SHA1_hash|padflag
 10. Registers Removed During Synthesis
 11. Removed Registers Triggering Further Register Optimizations
 12. General Register Statistics
 13. Inverted Register Statistics
 14. Multiplexer Restructuring Statistics (Restructuring Performed)
 15. Parameter Settings for User Entity Instance: Top-level Entity: |SHA1_hash
 16. Post-Synthesis Netlist Statistics for Top Partition
 17. Elapsed Time Per Partition
 18. Analysis & Synthesis Messages
 19. Analysis & Synthesis Suppressed Messages



----------------
; Legal Notice ;
----------------
Copyright (C) 1991-2015 Altera Corporation. All rights reserved.
Your use of Altera Corporation's design tools, logic functions 
and other software and tools, and its AMPP partner logic 
functions, and any output files from any of the foregoing 
(including device programming or simulation files), and any 
associated documentation or information are expressly subject 
to the terms and conditions of the Altera Program License 
Subscription Agreement, the Altera Quartus Prime License Agreement,
the Altera MegaCore Function License Agreement, or other 
applicable license agreement, including, without limitation, 
that your use is for the sole purpose of programming logic 
devices manufactured by Altera and sold by Altera or its 
authorized distributors.  Please refer to the applicable 
agreement for further details.



+---------------------------------------------------------------------------------+
; Analysis & Synthesis Summary                                                    ;
+-----------------------------------+---------------------------------------------+
; Analysis & Synthesis Status       ; Successful - Wed Mar 16 18:39:12 2016       ;
; Quartus Prime Version             ; 15.1.0 Build 185 10/21/2015 SJ Lite Edition ;
; Revision Name                     ; SHA1_hash                                   ;
; Top-level Entity Name             ; SHA1_hash                                   ;
; Family                            ; Arria II GX                                 ;
; Logic utilization                 ; N/A                                         ;
;     Combinational ALUTs           ; 2,060                                       ;
;     Memory ALUTs                  ; 0                                           ;
;     Dedicated logic registers     ; 889                                         ;
; Total registers                   ; 889                                         ;
; Total pins                        ; 310                                         ;
; Total virtual pins                ; 0                                           ;
; Total block memory bits           ; 0                                           ;
; DSP block 18-bit elements         ; 0                                           ;
; Total GXB Receiver Channel PCS    ; 0                                           ;
; Total GXB Receiver Channel PMA    ; 0                                           ;
; Total GXB Transmitter Channel PCS ; 0                                           ;
; Total GXB Transmitter Channel PMA ; 0                                           ;
; Total PLLs                        ; 0                                           ;
; Total DLLs                        ; 0                                           ;
+-----------------------------------+---------------------------------------------+


+---------------------------------------------------------------------------------------------------------------------------+
; Analysis & Synthesis Settings                                                                                             ;
+---------------------------------------------------------------------------------+--------------------+--------------------+
; Option                                                                          ; Setting            ; Default Value      ;
+---------------------------------------------------------------------------------+--------------------+--------------------+
; Device                                                                          ; EP2AGX45DF29I5     ;                    ;
; Top-level entity name                                                           ; SHA1_hash          ; SHA1_hash          ;
; Family name                                                                     ; Arria II GX        ; Cyclone V          ;
; Auto Shift Register Replacement                                                 ; Off                ; Auto               ;
; Use smart compilation                                                           ; Off                ; Off                ;
; Enable parallel Assembler and TimeQuest Timing Analyzer during compilation      ; On                 ; On                 ;
; Enable compact report table                                                     ; Off                ; Off                ;
; Restructure Multiplexers                                                        ; Auto               ; Auto               ;
; MLAB Add Timing Constraints For Mixed-Port Feed-Through Mode Setting Don't Care ; Off                ; Off                ;
; Create Debugging Nodes for IP Cores                                             ; Off                ; Off                ;
; Preserve fewer node names                                                       ; On                 ; On                 ;
; Disable OpenCore Plus hardware evaluation                                       ; Off                ; Off                ;
; Verilog Version                                                                 ; Verilog_2001       ; Verilog_2001       ;
; VHDL Version                                                                    ; VHDL_1993          ; VHDL_1993          ;
; State Machine Processing                                                        ; Auto               ; Auto               ;
; Safe State Machine                                                              ; Off                ; Off                ;
; Extract Verilog State Machines                                                  ; On                 ; On                 ;
; Extract VHDL State Machines                                                     ; On                 ; On                 ;
; Ignore Verilog initial constructs                                               ; Off                ; Off                ;
; Iteration limit for constant Verilog loops                                      ; 5000               ; 5000               ;
; Iteration limit for non-constant Verilog loops                                  ; 250                ; 250                ;
; Add Pass-Through Logic to Inferred RAMs                                         ; On                 ; On                 ;
; Infer RAMs from Raw Logic                                                       ; On                 ; On                 ;
; Parallel Synthesis                                                              ; On                 ; On                 ;
; DSP Block Balancing                                                             ; Auto               ; Auto               ;
; NOT Gate Push-Back                                                              ; On                 ; On                 ;
; Power-Up Don't Care                                                             ; On                 ; On                 ;
; Remove Redundant Logic Cells                                                    ; Off                ; Off                ;
; Remove Duplicate Registers                                                      ; On                 ; On                 ;
; Ignore CARRY Buffers                                                            ; Off                ; Off                ;
; Ignore CASCADE Buffers                                                          ; Off                ; Off                ;
; Ignore GLOBAL Buffers                                                           ; Off                ; Off                ;
; Ignore ROW GLOBAL Buffers                                                       ; Off                ; Off                ;
; Ignore LCELL Buffers                                                            ; Off                ; Off                ;
; Ignore SOFT Buffers                                                             ; On                 ; On                 ;
; Limit AHDL Integers to 32 Bits                                                  ; Off                ; Off                ;
; Optimization Technique                                                          ; Balanced           ; Balanced           ;
; Carry Chain Length                                                              ; 70                 ; 70                 ;
; Auto Carry Chains                                                               ; On                 ; On                 ;
; Auto Open-Drain Pins                                                            ; On                 ; On                 ;
; Perform WYSIWYG Primitive Resynthesis                                           ; Off                ; Off                ;
; Auto ROM Replacement                                                            ; On                 ; On                 ;
; Auto RAM Replacement                                                            ; On                 ; On                 ;
; Auto DSP Block Replacement                                                      ; On                 ; On                 ;
; Allow Shift Register Merging across Hierarchies                                 ; Auto               ; Auto               ;
; Auto Clock Enable Replacement                                                   ; On                 ; On                 ;
; Strict RAM Replacement                                                          ; Off                ; Off                ;
; Allow Synchronous Control Signals                                               ; On                 ; On                 ;
; Force Use of Synchronous Clear Signals                                          ; Off                ; Off                ;
; Auto RAM Block Balancing                                                        ; On                 ; On                 ;
; Auto RAM to Logic Cell Conversion                                               ; Off                ; Off                ;
; Auto Resource Sharing                                                           ; Off                ; Off                ;
; Allow Any RAM Size For Recognition                                              ; Off                ; Off                ;
; Allow Any ROM Size For Recognition                                              ; Off                ; Off                ;
; Allow Any Shift Register Size For Recognition                                   ; Off                ; Off                ;
; Use LogicLock Constraints during Resource Balancing                             ; On                 ; On                 ;
; Ignore translate_off and synthesis_off directives                               ; Off                ; Off                ;
; Timing-Driven Synthesis                                                         ; On                 ; On                 ;
; Report Parameter Settings                                                       ; On                 ; On                 ;
; Report Source Assignments                                                       ; On                 ; On                 ;
; Report Connectivity Checks                                                      ; On                 ; On                 ;
; Ignore Maximum Fan-Out Assignments                                              ; Off                ; Off                ;
; Synchronization Register Chain Length                                           ; 3                  ; 3                  ;
; PowerPlay Power Optimization During Synthesis                                   ; Normal compilation ; Normal compilation ;
; HDL message level                                                               ; Level2             ; Level2             ;
; Suppress Register Optimization Related Messages                                 ; Off                ; Off                ;
; Number of Removed Registers Reported in Synthesis Report                        ; 5000               ; 5000               ;
; Number of Swept Nodes Reported in Synthesis Report                              ; 5000               ; 5000               ;
; Number of Inverted Registers Reported in Synthesis Report                       ; 100                ; 100                ;
; Clock MUX Protection                                                            ; On                 ; On                 ;
; Auto Gated Clock Conversion                                                     ; Off                ; Off                ;
; Block Design Naming                                                             ; Auto               ; Auto               ;
; SDC constraint protection                                                       ; Off                ; Off                ;
; Synthesis Effort                                                                ; Auto               ; Auto               ;
; Shift Register Replacement - Allow Asynchronous Clear Signal                    ; On                 ; On                 ;
; Pre-Mapping Resynthesis Optimization                                            ; Off                ; Off                ;
; Analysis & Synthesis Message Level                                              ; Medium             ; Medium             ;
; Disable Register Merging Across Hierarchies                                     ; Auto               ; Auto               ;
; Resource Aware Inference For Block RAM                                          ; On                 ; On                 ;
; Synthesis Seed                                                                  ; 1                  ; 1                  ;
+---------------------------------------------------------------------------------+--------------------+--------------------+


Parallel compilation was disabled, but you have multiple processors available. Enable parallel compilation to reduce compilation time.
+-------------------------------------+
; Parallel Compilation                ;
+----------------------------+--------+
; Processors                 ; Number ;
+----------------------------+--------+
; Number detected on machine ; 4      ;
; Maximum allowed            ; 1      ;
+----------------------------+--------+


+----------------------------------------------------------------------------------------------------------------------------------------------------------+
; Analysis & Synthesis Source Files Read                                                                                                                   ;
+----------------------------------+-----------------+------------------------+------------------------------------------------------------------+---------+
; File Name with User-Entered Path ; Used in Netlist ; File Type              ; File Name with Absolute Path                                     ; Library ;
+----------------------------------+-----------------+------------------------+------------------------------------------------------------------+---------+
; SHA1_hash.v                      ; yes             ; User Verilog HDL File  ; C:/Users/JamesOh/Desktop/my EE Projects/ECE111/SHA-1/SHA1_hash.v ;         ;
+----------------------------------+-----------------+------------------------+------------------------------------------------------------------+---------+


+-----------------------------------------------------------+
; Analysis & Synthesis Resource Usage Summary               ;
+-----------------------------------------------+-----------+
; Resource                                      ; Usage     ;
+-----------------------------------------------+-----------+
; Estimated ALUTs Used                          ; 2060      ;
;     -- Combinational ALUTs                    ; 2060      ;
;     -- Memory ALUTs                           ; 0         ;
;     -- LUT_REGs                               ; 0         ;
; Dedicated logic registers                     ; 889       ;
;                                               ;           ;
; Estimated ALUTs Unavailable                   ; 649       ;
;     -- Due to unpartnered combinational logic ; 649       ;
;     -- Due to Memory ALUTs                    ; 0         ;
;                                               ;           ;
; Total combinational functions                 ; 2060      ;
; Combinational ALUT usage by number of inputs  ;           ;
;     -- 7 input functions                      ; 1         ;
;     -- 6 input functions                      ; 661       ;
;     -- 5 input functions                      ; 125       ;
;     -- 4 input functions                      ; 187       ;
;     -- <=3 input functions                    ; 1086      ;
;                                               ;           ;
; Combinational ALUTs by mode                   ;           ;
;     -- normal mode                            ; 1450      ;
;     -- extended LUT mode                      ; 1         ;
;     -- arithmetic mode                        ; 353       ;
;     -- shared arithmetic mode                 ; 256       ;
;                                               ;           ;
; Estimated ALUT/register pairs used            ; 2805      ;
;                                               ;           ;
; Total registers                               ; 889       ;
;     -- Dedicated logic registers              ; 889       ;
;     -- I/O registers                          ; 0         ;
;     -- LUT_REGs                               ; 0         ;
;                                               ;           ;
;                                               ;           ;
; I/O pins                                      ; 310       ;
;                                               ;           ;
; DSP block 18-bit elements                     ; 0         ;
;                                               ;           ;
; Maximum fan-out node                          ; clk~input ;
; Maximum fan-out                               ; 890       ;
; Total fan-out                                 ; 12374     ;
; Average fan-out                               ; 3.47      ;
+-----------------------------------------------+-----------+


+-----------------------------------------------------------------------------------------------------------------------------------------------------------------------------------------------------------+
; Analysis & Synthesis Resource Utilization by Entity                                                                                                                                                       ;
+----------------------------+-------------------+--------------+-------------------+--------------+---------+-----------+-----------+-----------+------+--------------+---------------------+--------------+
; Compilation Hierarchy Node ; LC Combinationals ; LC Registers ; Block Memory Bits ; DSP Elements ; DSP 9x9 ; DSP 12x12 ; DSP 18x18 ; DSP 36x36 ; Pins ; Virtual Pins ; Full Hierarchy Name ; Library Name ;
+----------------------------+-------------------+--------------+-------------------+--------------+---------+-----------+-----------+-----------+------+--------------+---------------------+--------------+
; |SHA1_hash                 ; 2060 (2060)       ; 889 (889)    ; 0                 ; 0            ; 0       ; 0         ; 0         ; 0         ; 310  ; 0            ; |SHA1_hash          ; work         ;
+----------------------------+-------------------+--------------+-------------------+--------------+---------+-----------+-----------+-----------+------+--------------+---------------------+--------------+
Note: For table entries with two numbers listed, the numbers in parentheses indicate the number of resources of the given type used by the specific entity alone. The numbers listed outside of parentheses indicate the total resources of the given type used by the specific entity and all of its sub-entities in the hierarchy.


Encoding Type:  One-Hot
+------------------------------------------------------------------------------------------------------------------+
; State Machine - |SHA1_hash|state                                                                                 ;
+--------------+------------+----------+----------+----------+--------------+------------+------------+------------+
; Name         ; state.pad0 ; state.d1 ; state.c1 ; state.r1 ; state.buffer ; state.read ; state.IDLE ; state.pad1 ;
+--------------+------------+----------+----------+----------+--------------+------------+------------+------------+
; state.IDLE   ; 0          ; 0        ; 0        ; 0        ; 0            ; 0          ; 0          ; 0          ;
; state.read   ; 0          ; 0        ; 0        ; 0        ; 0            ; 1          ; 1          ; 0          ;
; state.buffer ; 0          ; 0        ; 0        ; 0        ; 1            ; 0          ; 1          ; 0          ;
; state.r1     ; 0          ; 0        ; 0        ; 1        ; 0            ; 0          ; 1          ; 0          ;
; state.c1     ; 0          ; 0        ; 1        ; 0        ; 0            ; 0          ; 1          ; 0          ;
; state.d1     ; 0          ; 1        ; 0        ; 0        ; 0            ; 0          ; 1          ; 0          ;
; state.pad0   ; 1          ; 0        ; 0        ; 0        ; 0            ; 0          ; 1          ; 0          ;
; state.pad1   ; 0          ; 0        ; 0        ; 0        ; 0            ; 0          ; 1          ; 1          ;
+--------------+------------+----------+----------+----------+--------------+------------+------------+------------+


Encoding Type:  One-Hot
+----------------------------------------------------------------+
; State Machine - |SHA1_hash|padflag                             ;
+------------+------------+------------+------------+------------+
; Name       ; padflag.11 ; padflag.10 ; padflag.01 ; padflag.00 ;
+------------+------------+------------+------------+------------+
; padflag.00 ; 0          ; 0          ; 0          ; 0          ;
; padflag.01 ; 0          ; 0          ; 1          ; 1          ;
; padflag.10 ; 0          ; 1          ; 0          ; 1          ;
; padflag.11 ; 1          ; 0          ; 0          ; 1          ;
+------------+------------+------------+------------+------------+


+---------------------------------------------------------------------------------+
; Registers Removed During Synthesis                                              ;
+----------------------------------------+----------------------------------------+
; Register name                          ; Reason for Removal                     ;
+----------------------------------------+----------------------------------------+
; incr_mess[0,1]                         ; Stuck at GND due to stuck port data_in ;
; port_A_addr[13]~reg0                   ; Merged with port_A_addr[12]~reg0       ;
; port_A_addr[14]~reg0                   ; Merged with port_A_addr[12]~reg0       ;
; port_A_addr[15]~reg0                   ; Merged with port_A_addr[12]~reg0       ;
; port_A_addr[12]~reg0                   ; Stuck at GND due to stuck port data_in ;
; port_A_we~reg0                         ; Stuck at GND due to stuck port data_in ;
; state~12                               ; Lost fanout                            ;
; state~13                               ; Lost fanout                            ;
; state~14                               ; Lost fanout                            ;
; padflag~6                              ; Lost fanout                            ;
; padflag~7                              ; Lost fanout                            ;
; padflag.01                             ; Lost fanout                            ;
; padflag.11                             ; Lost fanout                            ;
; Total Number of Removed Registers = 14 ;                                        ;
+----------------------------------------+----------------------------------------+


+-----------------------------------------------------------------------------+
; Removed Registers Triggering Further Register Optimizations                 ;
+---------------+--------------------+----------------------------------------+
; Register name ; Reason for Removal ; Registers Removed due to This Register ;
+---------------+--------------------+----------------------------------------+
; padflag~6     ; Lost Fanouts       ; padflag.01, padflag.11                 ;
+---------------+--------------------+----------------------------------------+


+------------------------------------------------------+
; General Register Statistics                          ;
+----------------------------------------------+-------+
; Statistic                                    ; Value ;
+----------------------------------------------+-------+
; Total registers                              ; 889   ;
; Number of registers using Synchronous Clear  ; 548   ;
; Number of registers using Synchronous Load   ; 166   ;
; Number of registers using Asynchronous Clear ; 17    ;
; Number of registers using Asynchronous Load  ; 0     ;
; Number of registers using Clock Enable       ; 881   ;
; Number of registers using Preset             ; 0     ;
+----------------------------------------------+-------+


+---------------------------------------------------+
; Inverted Register Statistics                      ;
+-----------------------------------------+---------+
; Inverted Register                       ; Fan out ;
+-----------------------------------------+---------+
; E[4]                                    ; 6       ;
; E[5]                                    ; 6       ;
; E[6]                                    ; 6       ;
; E[7]                                    ; 6       ;
; E[8]                                    ; 6       ;
; E[13]                                   ; 6       ;
; E[14]                                   ; 6       ;
; E[15]                                   ; 6       ;
; E[17]                                   ; 6       ;
; E[20]                                   ; 6       ;
; E[22]                                   ; 6       ;
; E[23]                                   ; 6       ;
; E[24]                                   ; 6       ;
; E[25]                                   ; 6       ;
; E[30]                                   ; 6       ;
; E[31]                                   ; 6       ;
; D[1]                                    ; 5       ;
; D[2]                                    ; 5       ;
; D[4]                                    ; 5       ;
; D[5]                                    ; 5       ;
; D[6]                                    ; 5       ;
; D[10]                                   ; 5       ;
; D[12]                                   ; 5       ;
; D[14]                                   ; 5       ;
; D[17]                                   ; 5       ;
; D[20]                                   ; 5       ;
; D[21]                                   ; 5       ;
; D[28]                                   ; 5       ;
; C[1]                                    ; 5       ;
; C[2]                                    ; 5       ;
; C[3]                                    ; 5       ;
; C[4]                                    ; 5       ;
; C[5]                                    ; 5       ;
; C[6]                                    ; 5       ;
; C[7]                                    ; 5       ;
; C[10]                                   ; 5       ;
; C[11]                                   ; 5       ;
; C[12]                                   ; 5       ;
; C[14]                                   ; 5       ;
; C[15]                                   ; 5       ;
; C[17]                                   ; 5       ;
; C[19]                                   ; 5       ;
; C[20]                                   ; 5       ;
; C[21]                                   ; 5       ;
; C[23]                                   ; 5       ;
; C[27]                                   ; 5       ;
; C[28]                                   ; 5       ;
; C[31]                                   ; 5       ;
; B[0]                                    ; 5       ;
; B[3]                                    ; 5       ;
; B[7]                                    ; 5       ;
; B[8]                                    ; 5       ;
; B[9]                                    ; 5       ;
; B[11]                                   ; 5       ;
; B[13]                                   ; 5       ;
; B[15]                                   ; 5       ;
; B[16]                                   ; 5       ;
; B[18]                                   ; 5       ;
; B[19]                                   ; 5       ;
; B[22]                                   ; 5       ;
; B[23]                                   ; 5       ;
; B[24]                                   ; 5       ;
; B[25]                                   ; 5       ;
; B[26]                                   ; 5       ;
; B[27]                                   ; 5       ;
; B[29]                                   ; 5       ;
; B[30]                                   ; 5       ;
; B[31]                                   ; 5       ;
; A[0]                                    ; 6       ;
; A[8]                                    ; 6       ;
; A[9]                                    ; 6       ;
; A[13]                                   ; 6       ;
; A[16]                                   ; 6       ;
; A[18]                                   ; 6       ;
; A[22]                                   ; 6       ;
; A[24]                                   ; 6       ;
; A[25]                                   ; 6       ;
; A[26]                                   ; 6       ;
; A[29]                                   ; 6       ;
; A[30]                                   ; 6       ;
; Total number of inverted registers = 80 ;         ;
+-----------------------------------------+---------+


+----------------------------------------------------------------------------------------------------------------------------------------------+
; Multiplexer Restructuring Statistics (Restructuring Performed)                                                                               ;
+--------------------+-----------+---------------+----------------------+------------------------+------------+--------------------------------+
; Multiplexer Inputs ; Bus Width ; Baseline Area ; Area if Restructured ; Saving if Restructured ; Registered ; Example Multiplexer Output     ;
+--------------------+-----------+---------------+----------------------+------------------------+------------+--------------------------------+
; 4:1                ; 60 bits   ; 120 ALUTs     ; 0 ALUTs              ; 120 ALUTs              ; Yes        ; |SHA1_hash|D[30]               ;
; 5:1                ; 3 bits    ; 9 ALUTs       ; 3 ALUTs              ; 6 ALUTs                ; Yes        ; |SHA1_hash|size[6]             ;
; 5:1                ; 160 bits  ; 480 ALUTs     ; 160 ALUTs            ; 320 ALUTs              ; Yes        ; |SHA1_hash|hash[51]~reg0       ;
; 5:1                ; 12 bits   ; 36 ALUTs      ; 0 ALUTs              ; 36 ALUTs               ; Yes        ; |SHA1_hash|port_A_addr[7]~reg0 ;
; 7:1                ; 6 bits    ; 24 ALUTs      ; 6 ALUTs              ; 18 ALUTs               ; Yes        ; |SHA1_hash|incr_mess[4]        ;
; 8:1                ; 20 bits   ; 100 ALUTs     ; 80 ALUTs             ; 20 ALUTs               ; Yes        ; |SHA1_hash|A[21]               ;
; 8:1                ; 8 bits    ; 40 ALUTs      ; 0 ALUTs              ; 40 ALUTs               ; Yes        ; |SHA1_hash|count[1]            ;
; 21:1               ; 7 bits    ; 98 ALUTs      ; 77 ALUTs             ; 21 ALUTs               ; Yes        ; |SHA1_hash|w[13][0]            ;
; 21:1               ; 22 bits   ; 308 ALUTs     ; 44 ALUTs             ; 264 ALUTs              ; Yes        ; |SHA1_hash|w[13][29]           ;
; 21:1               ; 7 bits    ; 98 ALUTs      ; 77 ALUTs             ; 21 ALUTs               ; Yes        ; |SHA1_hash|w[12][3]            ;
; 21:1               ; 22 bits   ; 308 ALUTs     ; 44 ALUTs             ; 264 ALUTs              ; Yes        ; |SHA1_hash|w[12][8]            ;
; 21:1               ; 7 bits    ; 98 ALUTs      ; 77 ALUTs             ; 21 ALUTs               ; Yes        ; |SHA1_hash|w[11][1]            ;
; 21:1               ; 22 bits   ; 308 ALUTs     ; 44 ALUTs             ; 264 ALUTs              ; Yes        ; |SHA1_hash|w[11][22]           ;
; 21:1               ; 7 bits    ; 98 ALUTs      ; 77 ALUTs             ; 21 ALUTs               ; Yes        ; |SHA1_hash|w[10][4]            ;
; 21:1               ; 22 bits   ; 308 ALUTs     ; 44 ALUTs             ; 264 ALUTs              ; Yes        ; |SHA1_hash|w[10][22]           ;
; 21:1               ; 7 bits    ; 98 ALUTs      ; 77 ALUTs             ; 21 ALUTs               ; Yes        ; |SHA1_hash|w[9][6]             ;
; 21:1               ; 22 bits   ; 308 ALUTs     ; 44 ALUTs             ; 264 ALUTs              ; Yes        ; |SHA1_hash|w[9][22]            ;
; 21:1               ; 7 bits    ; 98 ALUTs      ; 77 ALUTs             ; 21 ALUTs               ; Yes        ; |SHA1_hash|w[8][1]             ;
; 21:1               ; 22 bits   ; 308 ALUTs     ; 44 ALUTs             ; 264 ALUTs              ; Yes        ; |SHA1_hash|w[8][14]            ;
; 21:1               ; 7 bits    ; 98 ALUTs      ; 77 ALUTs             ; 21 ALUTs               ; Yes        ; |SHA1_hash|w[7][1]             ;
; 21:1               ; 22 bits   ; 308 ALUTs     ; 44 ALUTs             ; 264 ALUTs              ; Yes        ; |SHA1_hash|w[7][14]            ;
; 21:1               ; 7 bits    ; 98 ALUTs      ; 77 ALUTs             ; 21 ALUTs               ; Yes        ; |SHA1_hash|w[6][1]             ;
; 21:1               ; 22 bits   ; 308 ALUTs     ; 44 ALUTs             ; 264 ALUTs              ; Yes        ; |SHA1_hash|w[6][21]            ;
; 21:1               ; 7 bits    ; 98 ALUTs      ; 77 ALUTs             ; 21 ALUTs               ; Yes        ; |SHA1_hash|w[5][2]             ;
; 21:1               ; 22 bits   ; 308 ALUTs     ; 44 ALUTs             ; 264 ALUTs              ; Yes        ; |SHA1_hash|w[5][17]            ;
; 21:1               ; 7 bits    ; 98 ALUTs      ; 77 ALUTs             ; 21 ALUTs               ; Yes        ; |SHA1_hash|w[4][0]             ;
; 21:1               ; 22 bits   ; 308 ALUTs     ; 44 ALUTs             ; 264 ALUTs              ; Yes        ; |SHA1_hash|w[4][31]            ;
; 21:1               ; 7 bits    ; 98 ALUTs      ; 77 ALUTs             ; 21 ALUTs               ; Yes        ; |SHA1_hash|w[3][2]             ;
; 21:1               ; 22 bits   ; 308 ALUTs     ; 44 ALUTs             ; 264 ALUTs              ; Yes        ; |SHA1_hash|w[3][24]            ;
; 21:1               ; 7 bits    ; 98 ALUTs      ; 77 ALUTs             ; 21 ALUTs               ; Yes        ; |SHA1_hash|w[2][2]             ;
; 21:1               ; 22 bits   ; 308 ALUTs     ; 44 ALUTs             ; 264 ALUTs              ; Yes        ; |SHA1_hash|w[2][13]            ;
; 21:1               ; 7 bits    ; 98 ALUTs      ; 77 ALUTs             ; 21 ALUTs               ; Yes        ; |SHA1_hash|w[1][3]             ;
; 21:1               ; 22 bits   ; 308 ALUTs     ; 44 ALUTs             ; 264 ALUTs              ; Yes        ; |SHA1_hash|w[1][16]            ;
; 21:1               ; 7 bits    ; 98 ALUTs      ; 77 ALUTs             ; 21 ALUTs               ; Yes        ; |SHA1_hash|w[0][5]             ;
; 21:1               ; 22 bits   ; 308 ALUTs     ; 44 ALUTs             ; 264 ALUTs              ; Yes        ; |SHA1_hash|w[0][29]            ;
; 22:1               ; 7 bits    ; 98 ALUTs      ; 84 ALUTs             ; 14 ALUTs               ; Yes        ; |SHA1_hash|w[14][1]            ;
; 22:1               ; 22 bits   ; 308 ALUTs     ; 44 ALUTs             ; 264 ALUTs              ; Yes        ; |SHA1_hash|w[14][14]           ;
; 23:1               ; 3 bits    ; 45 ALUTs      ; 36 ALUTs             ; 9 ALUTs                ; Yes        ; |SHA1_hash|w[15][0]            ;
; 23:1               ; 4 bits    ; 60 ALUTs      ; 48 ALUTs             ; 12 ALUTs               ; Yes        ; |SHA1_hash|w[15][3]            ;
; 23:1               ; 22 bits   ; 330 ALUTs     ; 44 ALUTs             ; 286 ALUTs              ; Yes        ; |SHA1_hash|w[15][8]            ;
; 4:1                ; 68 bits   ; 136 ALUTs     ; 68 ALUTs             ; 68 ALUTs               ; Yes        ; |SHA1_hash|C[1]                ;
; 8:1                ; 12 bits   ; 60 ALUTs      ; 48 ALUTs             ; 12 ALUTs               ; Yes        ; |SHA1_hash|A[30]               ;
; 16:1               ; 32 bits   ; 320 ALUTs     ; 320 ALUTs            ; 0 ALUTs                ; No         ; |SHA1_hash|Mux1                ;
; 6:1                ; 2 bits    ; 8 ALUTs       ; 4 ALUTs              ; 4 ALUTs                ; No         ; |SHA1_hash|padflag.01          ;
; 8:1                ; 4 bits    ; 20 ALUTs      ; 16 ALUTs             ; 4 ALUTs                ; No         ; |SHA1_hash|Selector190         ;
+--------------------+-----------+---------------+----------------------+------------------------+------------+--------------------------------+


+---------------------------------------------------------------------------+
; Parameter Settings for User Entity Instance: Top-level Entity: |SHA1_hash ;
+----------------+-------+--------------------------------------------------+
; Parameter Name ; Value ; Type                                             ;
+----------------+-------+--------------------------------------------------+
; IDLE           ; 0000  ; Unsigned Binary                                  ;
; read           ; 0001  ; Unsigned Binary                                  ;
; buffer         ; 0010  ; Unsigned Binary                                  ;
; r1             ; 0011  ; Unsigned Binary                                  ;
; c1             ; 0100  ; Unsigned Binary                                  ;
; d1             ; 0101  ; Unsigned Binary                                  ;
; pad0           ; 0111  ; Unsigned Binary                                  ;
; pad1           ; 1000  ; Unsigned Binary                                  ;
+----------------+-------+--------------------------------------------------+
Note: In order to hide this table in the UI and the text report file, please set the "Show Parameter Settings in Synthesis Report" option in "Analysis and Synthesis Settings -> More Settings" to "Off".


+-----------------------------------------------------+
; Post-Synthesis Netlist Statistics for Top Partition ;
+-----------------------+-----------------------------+
; Type                  ; Count                       ;
+-----------------------+-----------------------------+
; arriaii_ff            ; 889                         ;
;     CLR               ; 7                           ;
;     ENA               ; 168                         ;
;     ENA CLR           ; 2                           ;
;     ENA CLR SCLR      ; 8                           ;
;     ENA SCLR          ; 537                         ;
;     ENA SCLR SLD      ; 3                           ;
;     ENA SLD           ; 163                         ;
;     plain             ; 1                           ;
; boundary_port         ; 310                         ;
; stratixiv_lcell_comb  ; 2061                        ;
;     arith             ; 353                         ;
;         0 data inputs ; 11                          ;
;         1 data inputs ; 80                          ;
;         2 data inputs ; 262                         ;
;     extend            ; 1                           ;
;         7 data inputs ; 1                           ;
;     normal            ; 1451                        ;
;         0 data inputs ; 1                           ;
;         1 data inputs ; 23                          ;
;         2 data inputs ; 110                         ;
;         3 data inputs ; 344                         ;
;         4 data inputs ; 187                         ;
;         5 data inputs ; 125                         ;
;         6 data inputs ; 661                         ;
;     shared            ; 256                         ;
;         2 data inputs ; 160                         ;
;         3 data inputs ; 96                          ;
;                       ;                             ;
; Max LUT depth         ; 9.80                        ;
; Average LUT depth     ; 5.45                        ;
+-----------------------+-----------------------------+


+-------------------------------+
; Elapsed Time Per Partition    ;
+----------------+--------------+
; Partition Name ; Elapsed Time ;
+----------------+--------------+
; Top            ; 00:00:11     ;
+----------------+--------------+


+-------------------------------+
; Analysis & Synthesis Messages ;
+-------------------------------+
Info: *******************************************************************
Info: Running Quartus Prime Analysis & Synthesis
    Info: Version 15.1.0 Build 185 10/21/2015 SJ Lite Edition
    Info: Processing started: Wed Mar 16 18:38:40 2016
Info: Command: quartus_map --read_settings_files=on --write_settings_files=off SHA1_hash -c SHA1_hash
Warning (20028): Parallel compilation is not licensed and has been disabled
Info (12021): Found 1 design units, including 1 entities, in source file sha1_hash.v
    Info (12023): Found entity 1: SHA1_hash File: C:/Users/JamesOh/Desktop/my EE Projects/ECE111/SHA-1/SHA1_hash.v Line: 1
Info (12021): Found 1 design units, including 1 entities, in source file sha1_hash_testbench.v
    Info (12023): Found entity 1: SHA1_hash_testbench File: C:/Users/JamesOh/Desktop/my EE Projects/ECE111/SHA-1/SHA1_hash_testbench.v Line: 13
Info (12021): Found 1 design units, including 1 entities, in source file sha1_hash_testbench2.v
    Info (12023): Found entity 1: SHA1_hash_testbench2 File: C:/Users/JamesOh/Desktop/my EE Projects/ECE111/SHA-1/SHA1_hash_testbench2.v Line: 13
Info (12127): Elaborating entity "SHA1_hash" for the top level hierarchy
Warning (10230): Verilog HDL assignment warning at SHA1_hash.v(130): truncated value with size 16 to match size of target (8) File: C:/Users/JamesOh/Desktop/my EE Projects/ECE111/SHA-1/SHA1_hash.v Line: 130
Warning (10230): Verilog HDL assignment warning at SHA1_hash.v(131): truncated value with size 32 to match size of target (11) File: C:/Users/JamesOh/Desktop/my EE Projects/ECE111/SHA-1/SHA1_hash.v Line: 131
Warning (10230): Verilog HDL assignment warning at SHA1_hash.v(133): truncated value with size 32 to match size of target (9) File: C:/Users/JamesOh/Desktop/my EE Projects/ECE111/SHA-1/SHA1_hash.v Line: 133
Warning (10230): Verilog HDL assignment warning at SHA1_hash.v(153): truncated value with size 32 to match size of target (8) File: C:/Users/JamesOh/Desktop/my EE Projects/ECE111/SHA-1/SHA1_hash.v Line: 153
Warning (10230): Verilog HDL assignment warning at SHA1_hash.v(174): truncated value with size 32 to match size of target (8) File: C:/Users/JamesOh/Desktop/my EE Projects/ECE111/SHA-1/SHA1_hash.v Line: 174
Warning (10230): Verilog HDL assignment warning at SHA1_hash.v(203): truncated value with size 32 to match size of target (8) File: C:/Users/JamesOh/Desktop/my EE Projects/ECE111/SHA-1/SHA1_hash.v Line: 203
Warning (10230): Verilog HDL assignment warning at SHA1_hash.v(206): truncated value with size 32 to match size of target (8) File: C:/Users/JamesOh/Desktop/my EE Projects/ECE111/SHA-1/SHA1_hash.v Line: 206
Warning (10230): Verilog HDL assignment warning at SHA1_hash.v(212): truncated value with size 32 to match size of target (8) File: C:/Users/JamesOh/Desktop/my EE Projects/ECE111/SHA-1/SHA1_hash.v Line: 212
Warning (10230): Verilog HDL assignment warning at SHA1_hash.v(246): truncated value with size 32 to match size of target (9) File: C:/Users/JamesOh/Desktop/my EE Projects/ECE111/SHA-1/SHA1_hash.v Line: 246
Warning (10034): Output port "port_A_data_in" at SHA1_hash.v(36) has no driver File: C:/Users/JamesOh/Desktop/my EE Projects/ECE111/SHA-1/SHA1_hash.v Line: 36
Warning (13024): Output pins are stuck at VCC or GND
    Warning (13410): Pin "port_A_data_in[0]" is stuck at GND File: C:/Users/JamesOh/Desktop/my EE Projects/ECE111/SHA-1/SHA1_hash.v Line: 36
    Warning (13410): Pin "port_A_data_in[1]" is stuck at GND File: C:/Users/JamesOh/Desktop/my EE Projects/ECE111/SHA-1/SHA1_hash.v Line: 36
    Warning (13410): Pin "port_A_data_in[2]" is stuck at GND File: C:/Users/JamesOh/Desktop/my EE Projects/ECE111/SHA-1/SHA1_hash.v Line: 36
    Warning (13410): Pin "port_A_data_in[3]" is stuck at GND File: C:/Users/JamesOh/Desktop/my EE Projects/ECE111/SHA-1/SHA1_hash.v Line: 36
    Warning (13410): Pin "port_A_data_in[4]" is stuck at GND File: C:/Users/JamesOh/Desktop/my EE Projects/ECE111/SHA-1/SHA1_hash.v Line: 36
    Warning (13410): Pin "port_A_data_in[5]" is stuck at GND File: C:/Users/JamesOh/Desktop/my EE Projects/ECE111/SHA-1/SHA1_hash.v Line: 36
    Warning (13410): Pin "port_A_data_in[6]" is stuck at GND File: C:/Users/JamesOh/Desktop/my EE Projects/ECE111/SHA-1/SHA1_hash.v Line: 36
    Warning (13410): Pin "port_A_data_in[7]" is stuck at GND File: C:/Users/JamesOh/Desktop/my EE Projects/ECE111/SHA-1/SHA1_hash.v Line: 36
    Warning (13410): Pin "port_A_data_in[8]" is stuck at GND File: C:/Users/JamesOh/Desktop/my EE Projects/ECE111/SHA-1/SHA1_hash.v Line: 36
    Warning (13410): Pin "port_A_data_in[9]" is stuck at GND File: C:/Users/JamesOh/Desktop/my EE Projects/ECE111/SHA-1/SHA1_hash.v Line: 36
    Warning (13410): Pin "port_A_data_in[10]" is stuck at GND File: C:/Users/JamesOh/Desktop/my EE Projects/ECE111/SHA-1/SHA1_hash.v Line: 36
    Warning (13410): Pin "port_A_data_in[11]" is stuck at GND File: C:/Users/JamesOh/Desktop/my EE Projects/ECE111/SHA-1/SHA1_hash.v Line: 36
    Warning (13410): Pin "port_A_data_in[12]" is stuck at GND File: C:/Users/JamesOh/Desktop/my EE Projects/ECE111/SHA-1/SHA1_hash.v Line: 36
    Warning (13410): Pin "port_A_data_in[13]" is stuck at GND File: C:/Users/JamesOh/Desktop/my EE Projects/ECE111/SHA-1/SHA1_hash.v Line: 36
    Warning (13410): Pin "port_A_data_in[14]" is stuck at GND File: C:/Users/JamesOh/Desktop/my EE Projects/ECE111/SHA-1/SHA1_hash.v Line: 36
    Warning (13410): Pin "port_A_data_in[15]" is stuck at GND File: C:/Users/JamesOh/Desktop/my EE Projects/ECE111/SHA-1/SHA1_hash.v Line: 36
    Warning (13410): Pin "port_A_data_in[16]" is stuck at GND File: C:/Users/JamesOh/Desktop/my EE Projects/ECE111/SHA-1/SHA1_hash.v Line: 36
    Warning (13410): Pin "port_A_data_in[17]" is stuck at GND File: C:/Users/JamesOh/Desktop/my EE Projects/ECE111/SHA-1/SHA1_hash.v Line: 36
    Warning (13410): Pin "port_A_data_in[18]" is stuck at GND File: C:/Users/JamesOh/Desktop/my EE Projects/ECE111/SHA-1/SHA1_hash.v Line: 36
    Warning (13410): Pin "port_A_data_in[19]" is stuck at GND File: C:/Users/JamesOh/Desktop/my EE Projects/ECE111/SHA-1/SHA1_hash.v Line: 36
    Warning (13410): Pin "port_A_data_in[20]" is stuck at GND File: C:/Users/JamesOh/Desktop/my EE Projects/ECE111/SHA-1/SHA1_hash.v Line: 36
    Warning (13410): Pin "port_A_data_in[21]" is stuck at GND File: C:/Users/JamesOh/Desktop/my EE Projects/ECE111/SHA-1/SHA1_hash.v Line: 36
    Warning (13410): Pin "port_A_data_in[22]" is stuck at GND File: C:/Users/JamesOh/Desktop/my EE Projects/ECE111/SHA-1/SHA1_hash.v Line: 36
    Warning (13410): Pin "port_A_data_in[23]" is stuck at GND File: C:/Users/JamesOh/Desktop/my EE Projects/ECE111/SHA-1/SHA1_hash.v Line: 36
    Warning (13410): Pin "port_A_data_in[24]" is stuck at GND File: C:/Users/JamesOh/Desktop/my EE Projects/ECE111/SHA-1/SHA1_hash.v Line: 36
    Warning (13410): Pin "port_A_data_in[25]" is stuck at GND File: C:/Users/JamesOh/Desktop/my EE Projects/ECE111/SHA-1/SHA1_hash.v Line: 36
    Warning (13410): Pin "port_A_data_in[26]" is stuck at GND File: C:/Users/JamesOh/Desktop/my EE Projects/ECE111/SHA-1/SHA1_hash.v Line: 36
    Warning (13410): Pin "port_A_data_in[27]" is stuck at GND File: C:/Users/JamesOh/Desktop/my EE Projects/ECE111/SHA-1/SHA1_hash.v Line: 36
    Warning (13410): Pin "port_A_data_in[28]" is stuck at GND File: C:/Users/JamesOh/Desktop/my EE Projects/ECE111/SHA-1/SHA1_hash.v Line: 36
    Warning (13410): Pin "port_A_data_in[29]" is stuck at GND File: C:/Users/JamesOh/Desktop/my EE Projects/ECE111/SHA-1/SHA1_hash.v Line: 36
    Warning (13410): Pin "port_A_data_in[30]" is stuck at GND File: C:/Users/JamesOh/Desktop/my EE Projects/ECE111/SHA-1/SHA1_hash.v Line: 36
    Warning (13410): Pin "port_A_data_in[31]" is stuck at GND File: C:/Users/JamesOh/Desktop/my EE Projects/ECE111/SHA-1/SHA1_hash.v Line: 36
    Warning (13410): Pin "port_A_addr[12]" is stuck at GND File: C:/Users/JamesOh/Desktop/my EE Projects/ECE111/SHA-1/SHA1_hash.v Line: 126
    Warning (13410): Pin "port_A_addr[13]" is stuck at GND File: C:/Users/JamesOh/Desktop/my EE Projects/ECE111/SHA-1/SHA1_hash.v Line: 126
    Warning (13410): Pin "port_A_addr[14]" is stuck at GND File: C:/Users/JamesOh/Desktop/my EE Projects/ECE111/SHA-1/SHA1_hash.v Line: 126
    Warning (13410): Pin "port_A_addr[15]" is stuck at GND File: C:/Users/JamesOh/Desktop/my EE Projects/ECE111/SHA-1/SHA1_hash.v Line: 126
    Warning (13410): Pin "port_A_we" is stuck at GND File: C:/Users/JamesOh/Desktop/my EE Projects/ECE111/SHA-1/SHA1_hash.v Line: 45
Info (286030): Timing-Driven Synthesis is running
Info (17049): 7 registers lost all their fanouts during netlist optimizations.
Info (144001): Generated suppressed messages file C:/Users/JamesOh/Desktop/my EE Projects/ECE111/SHA-1/output_files/SHA1_hash.map.smsg
Info (16010): Generating hard_block partition "hard_block:auto_generated_inst"
    Info (16011): Adding 0 node(s), including 0 DDIO, 0 PLL, 0 transceiver and 0 LCELL
Warning (21074): Design contains 24 input pin(s) that do not drive logic
    Warning (15610): No output dependent on input pin "message_addr[11]" File: C:/Users/JamesOh/Desktop/my EE Projects/ECE111/SHA-1/SHA1_hash.v Line: 23
    Warning (15610): No output dependent on input pin "message_addr[12]" File: C:/Users/JamesOh/Desktop/my EE Projects/ECE111/SHA-1/SHA1_hash.v Line: 23
    Warning (15610): No output dependent on input pin "message_addr[13]" File: C:/Users/JamesOh/Desktop/my EE Projects/ECE111/SHA-1/SHA1_hash.v Line: 23
    Warning (15610): No output dependent on input pin "message_addr[14]" File: C:/Users/JamesOh/Desktop/my EE Projects/ECE111/SHA-1/SHA1_hash.v Line: 23
    Warning (15610): No output dependent on input pin "message_addr[15]" File: C:/Users/JamesOh/Desktop/my EE Projects/ECE111/SHA-1/SHA1_hash.v Line: 23
    Warning (15610): No output dependent on input pin "message_addr[16]" File: C:/Users/JamesOh/Desktop/my EE Projects/ECE111/SHA-1/SHA1_hash.v Line: 23
    Warning (15610): No output dependent on input pin "message_addr[17]" File: C:/Users/JamesOh/Desktop/my EE Projects/ECE111/SHA-1/SHA1_hash.v Line: 23
    Warning (15610): No output dependent on input pin "message_addr[18]" File: C:/Users/JamesOh/Desktop/my EE Projects/ECE111/SHA-1/SHA1_hash.v Line: 23
    Warning (15610): No output dependent on input pin "message_addr[19]" File: C:/Users/JamesOh/Desktop/my EE Projects/ECE111/SHA-1/SHA1_hash.v Line: 23
    Warning (15610): No output dependent on input pin "message_addr[20]" File: C:/Users/JamesOh/Desktop/my EE Projects/ECE111/SHA-1/SHA1_hash.v Line: 23
    Warning (15610): No output dependent on input pin "message_addr[21]" File: C:/Users/JamesOh/Desktop/my EE Projects/ECE111/SHA-1/SHA1_hash.v Line: 23
    Warning (15610): No output dependent on input pin "message_addr[22]" File: C:/Users/JamesOh/Desktop/my EE Projects/ECE111/SHA-1/SHA1_hash.v Line: 23
    Warning (15610): No output dependent on input pin "message_addr[23]" File: C:/Users/JamesOh/Desktop/my EE Projects/ECE111/SHA-1/SHA1_hash.v Line: 23
    Warning (15610): No output dependent on input pin "message_addr[24]" File: C:/Users/JamesOh/Desktop/my EE Projects/ECE111/SHA-1/SHA1_hash.v Line: 23
    Warning (15610): No output dependent on input pin "message_addr[25]" File: C:/Users/JamesOh/Desktop/my EE Projects/ECE111/SHA-1/SHA1_hash.v Line: 23
    Warning (15610): No output dependent on input pin "message_addr[26]" File: C:/Users/JamesOh/Desktop/my EE Projects/ECE111/SHA-1/SHA1_hash.v Line: 23
    Warning (15610): No output dependent on input pin "message_addr[27]" File: C:/Users/JamesOh/Desktop/my EE Projects/ECE111/SHA-1/SHA1_hash.v Line: 23
    Warning (15610): No output dependent on input pin "message_addr[28]" File: C:/Users/JamesOh/Desktop/my EE Projects/ECE111/SHA-1/SHA1_hash.v Line: 23
    Warning (15610): No output dependent on input pin "message_addr[29]" File: C:/Users/JamesOh/Desktop/my EE Projects/ECE111/SHA-1/SHA1_hash.v Line: 23
    Warning (15610): No output dependent on input pin "message_addr[30]" File: C:/Users/JamesOh/Desktop/my EE Projects/ECE111/SHA-1/SHA1_hash.v Line: 23
    Warning (15610): No output dependent on input pin "message_addr[31]" File: C:/Users/JamesOh/Desktop/my EE Projects/ECE111/SHA-1/SHA1_hash.v Line: 23
    Warning (15610): No output dependent on input pin "message_size[29]" File: C:/Users/JamesOh/Desktop/my EE Projects/ECE111/SHA-1/SHA1_hash.v Line: 27
    Warning (15610): No output dependent on input pin "message_size[30]" File: C:/Users/JamesOh/Desktop/my EE Projects/ECE111/SHA-1/SHA1_hash.v Line: 27
    Warning (15610): No output dependent on input pin "message_size[31]" File: C:/Users/JamesOh/Desktop/my EE Projects/ECE111/SHA-1/SHA1_hash.v Line: 27
Info (21057): Implemented 2638 device resources after synthesis - the final resource count might be different
    Info (21058): Implemented 99 input pins
    Info (21059): Implemented 211 output pins
    Info (21061): Implemented 2328 logic cells
Info: Quartus Prime Analysis & Synthesis was successful. 0 errors, 74 warnings
    Info: Peak virtual memory: 870 megabytes
    Info: Processing ended: Wed Mar 16 18:39:12 2016
    Info: Elapsed time: 00:00:32
    Info: Total CPU time (on all processors): 00:00:56


+------------------------------------------+
; Analysis & Synthesis Suppressed Messages ;
+------------------------------------------+
The suppressed messages can be found in C:/Users/JamesOh/Desktop/my EE Projects/ECE111/SHA-1/output_files/SHA1_hash.map.smsg.


